[17:54:24] [Server thread/INFO]: Starting minecraft server version 1.12.2
[17:54:24] [Server thread/INFO]: Loading properties
[17:54:24] [Server thread/INFO]: Default game type: SURVIVAL
[17:54:24] [Server thread/INFO]: This server is running CraftBukkit version git-Spigot-c3093ef-7e94e65 (MC: 1.12.2) (Implementing API version 1.12.2-R0.1-SNAPSHOT)
[17:54:25] [Server thread/INFO]: Debug logging is disabled
[17:54:25] [Server thread/INFO]: Using 4 threads for Netty based IO
[17:54:25] [Server thread/INFO]: Server Ping Player Sample Count: 12
[17:54:25] [Server thread/INFO]: Generating keypair
[17:54:25] [Server thread/INFO]: Starting Minecraft server on *:25565
[17:54:25] [Server thread/INFO]: Using default channel type
[17:54:25] [Server thread/ERROR]: Could not load 'plugins\mariadb-java-client-2.2.3.jar' in folder 'plugins'
org.bukkit.plugin.InvalidDescriptionException: Invalid plugin.yml
	at org.bukkit.plugin.java.JavaPluginLoader.getPluginDescription(JavaPluginLoader.java:152) ~[spigot-1.12.2.jar:git-Spigot-c3093ef-7e94e65]
	at org.bukkit.plugin.SimplePluginManager.loadPlugins(SimplePluginManager.java:133) [spigot-1.12.2.jar:git-Spigot-c3093ef-7e94e65]
	at org.bukkit.craftbukkit.v1_12_R1.CraftServer.loadPlugins(CraftServer.java:305) [spigot-1.12.2.jar:git-Spigot-c3093ef-7e94e65]
	at net.minecraft.server.v1_12_R1.DedicatedServer.init(DedicatedServer.java:205) [spigot-1.12.2.jar:git-Spigot-c3093ef-7e94e65]
	at net.minecraft.server.v1_12_R1.MinecraftServer.run(MinecraftServer.java:545) [spigot-1.12.2.jar:git-Spigot-c3093ef-7e94e65]
	at java.lang.Thread.run(Unknown Source) [?:?]
Caused by: java.io.FileNotFoundException: Jar does not contain plugin.yml
	... 6 more
[17:54:25] [Server thread/WARN]: Error setting PluginClassLoader as parallel capable
java.lang.reflect.InaccessibleObjectException: Unable to make protected static boolean java.lang.ClassLoader.registerAsParallelCapable() accessible: module java.base does not "opens java.lang" to unnamed module @2ba9f986
	at jdk.internal.reflect.Reflection.throwInaccessibleObjectException(Unknown Source) ~[?:?]
	at java.lang.reflect.AccessibleObject.checkCanSetAccessible(Unknown Source) ~[?:?]
	at java.lang.reflect.Method.checkCanSetAccessible(Unknown Source) ~[?:?]
	at java.lang.reflect.Method.setAccessible(Unknown Source) ~[?:?]
	at org.bukkit.plugin.java.PluginClassLoader.<clinit>(PluginClassLoader.java:48) [spigot-1.12.2.jar:git-Spigot-c3093ef-7e94e65]
	at org.bukkit.plugin.java.JavaPluginLoader.loadPlugin(JavaPluginLoader.java:129) [spigot-1.12.2.jar:git-Spigot-c3093ef-7e94e65]
	at org.bukkit.plugin.SimplePluginManager.loadPlugin(SimplePluginManager.java:327) [spigot-1.12.2.jar:git-Spigot-c3093ef-7e94e65]
	at org.bukkit.plugin.SimplePluginManager.loadPlugins(SimplePluginManager.java:248) [spigot-1.12.2.jar:git-Spigot-c3093ef-7e94e65]
	at org.bukkit.craftbukkit.v1_12_R1.CraftServer.loadPlugins(CraftServer.java:305) [spigot-1.12.2.jar:git-Spigot-c3093ef-7e94e65]
	at net.minecraft.server.v1_12_R1.DedicatedServer.init(DedicatedServer.java:205) [spigot-1.12.2.jar:git-Spigot-c3093ef-7e94e65]
	at net.minecraft.server.v1_12_R1.MinecraftServer.run(MinecraftServer.java:545) [spigot-1.12.2.jar:git-Spigot-c3093ef-7e94e65]
	at java.lang.Thread.run(Unknown Source) [?:?]
[17:54:25] [Server thread/INFO]: [Hive_Of_Thoughts_MC] Loading Hive_Of_Thoughts_MC v1.0.0
[17:54:25] [Server thread/WARN]: **** SERVER IS RUNNING IN OFFLINE/INSECURE MODE!
[17:54:25] [Server thread/WARN]: The server will make no attempt to authenticate usernames. Beware.
[17:54:25] [Server thread/WARN]: While this makes the game possible to play without internet access, it also opens up the ability for hackers to connect with any username they choose.
[17:54:25] [Server thread/WARN]: To change this, set "online-mode" to "true" in the server.properties file.
[17:54:25] [Server thread/INFO]: **** Beginning UUID conversion, this may take A LONG time ****
[17:54:25] [Server thread/INFO]: Preparing level "world"
[17:54:25] [Server thread/INFO]: -------- World Settings For [world] --------
[17:54:25] [Server thread/INFO]: Allow Zombie Pigmen to spawn from portal blocks: true
[17:54:25] [Server thread/INFO]: Arrow Despawn Rate: 1200
[17:54:25] [Server thread/INFO]: Item Merge Radius: 2.5
[17:54:25] [Server thread/INFO]: Item Despawn Rate: 6000
[17:54:25] [Server thread/INFO]: Zombie Aggressive Towards Villager: true
[17:54:25] [Server thread/INFO]: Nerfing mobs spawned from spawners: false
[17:54:25] [Server thread/INFO]: View Distance: 10
[17:54:25] [Server thread/INFO]: Cactus Growth Modifier: 100%
[17:54:25] [Server thread/INFO]: Cane Growth Modifier: 100%
[17:54:25] [Server thread/INFO]: Melon Growth Modifier: 100%
[17:54:25] [Server thread/INFO]: Mushroom Growth Modifier: 100%
[17:54:25] [Server thread/INFO]: Pumpkin Growth Modifier: 100%
[17:54:25] [Server thread/INFO]: Sapling Growth Modifier: 100%
[17:54:25] [Server thread/INFO]: Wheat Growth Modifier: 100%
[17:54:25] [Server thread/INFO]: NetherWart Growth Modifier: 100%
[17:54:25] [Server thread/INFO]: Vine Growth Modifier: 100%
[17:54:25] [Server thread/INFO]: Cocoa Growth Modifier: 100%
[17:54:25] [Server thread/INFO]: Mob Spawn Range: 4
[17:54:25] [Server thread/INFO]: Hopper Transfer: 8 Hopper Check: 1 Hopper Amount: 1
[17:54:25] [Server thread/INFO]: Entity Tracking Range: Pl 48 / An 48 / Mo 48 / Mi 32 / Other 64
[17:54:25] [Server thread/INFO]: Entity Activation Range: An 32 / Mo 32 / Mi 16
[17:54:25] [Server thread/INFO]: Max TNT Explosions: 100
[17:54:25] [Server thread/INFO]: Custom Map Seeds:  Village: 10387312 Feature: 14357617 Monument: 10387313 Slime: 987234911
[17:54:25] [Server thread/INFO]: Structure Info Saving: true
[17:54:25] [Server thread/INFO]: Random Lighting Updates: false
[17:54:25] [Server thread/INFO]: Tile Max Tick Time: 50ms Entity max Tick Time: 50ms
[17:54:25] [Server thread/INFO]: Experience Merge Radius: 3.0
[17:54:26] [Server thread/INFO]: -------- World Settings For [world_nether] --------
[17:54:26] [Server thread/INFO]: Allow Zombie Pigmen to spawn from portal blocks: true
[17:54:26] [Server thread/INFO]: Arrow Despawn Rate: 1200
[17:54:26] [Server thread/INFO]: Item Merge Radius: 2.5
[17:54:26] [Server thread/INFO]: Item Despawn Rate: 6000
[17:54:26] [Server thread/INFO]: Zombie Aggressive Towards Villager: true
[17:54:26] [Server thread/INFO]: Nerfing mobs spawned from spawners: false
[17:54:26] [Server thread/INFO]: View Distance: 10
[17:54:26] [Server thread/INFO]: Cactus Growth Modifier: 100%
[17:54:26] [Server thread/INFO]: Cane Growth Modifier: 100%
[17:54:26] [Server thread/INFO]: Melon Growth Modifier: 100%
[17:54:26] [Server thread/INFO]: Mushroom Growth Modifier: 100%
[17:54:26] [Server thread/INFO]: Pumpkin Growth Modifier: 100%
[17:54:26] [Server thread/INFO]: Sapling Growth Modifier: 100%
[17:54:26] [Server thread/INFO]: Wheat Growth Modifier: 100%
[17:54:26] [Server thread/INFO]: NetherWart Growth Modifier: 100%
[17:54:26] [Server thread/INFO]: Vine Growth Modifier: 100%
[17:54:26] [Server thread/INFO]: Cocoa Growth Modifier: 100%
[17:54:26] [Server thread/INFO]: Mob Spawn Range: 4
[17:54:26] [Server thread/INFO]: Hopper Transfer: 8 Hopper Check: 1 Hopper Amount: 1
[17:54:26] [Server thread/INFO]: Entity Tracking Range: Pl 48 / An 48 / Mo 48 / Mi 32 / Other 64
[17:54:26] [Server thread/INFO]: Entity Activation Range: An 32 / Mo 32 / Mi 16
[17:54:26] [Server thread/INFO]: Max TNT Explosions: 100
[17:54:26] [Server thread/INFO]: Custom Map Seeds:  Village: 10387312 Feature: 14357617 Monument: 10387313 Slime: 987234911
[17:54:26] [Server thread/INFO]: Structure Info Saving: true
[17:54:26] [Server thread/INFO]: Random Lighting Updates: false
[17:54:26] [Server thread/INFO]: Tile Max Tick Time: 50ms Entity max Tick Time: 50ms
[17:54:26] [Server thread/INFO]: Experience Merge Radius: 3.0
[17:54:26] [Server thread/INFO]: -------- World Settings For [world_the_end] --------
[17:54:26] [Server thread/INFO]: Allow Zombie Pigmen to spawn from portal blocks: true
[17:54:26] [Server thread/INFO]: Arrow Despawn Rate: 1200
[17:54:26] [Server thread/INFO]: Item Merge Radius: 2.5
[17:54:26] [Server thread/INFO]: Item Despawn Rate: 6000
[17:54:26] [Server thread/INFO]: Zombie Aggressive Towards Villager: true
[17:54:26] [Server thread/INFO]: Nerfing mobs spawned from spawners: false
[17:54:26] [Server thread/INFO]: View Distance: 10
[17:54:26] [Server thread/INFO]: Cactus Growth Modifier: 100%
[17:54:26] [Server thread/INFO]: Cane Growth Modifier: 100%
[17:54:26] [Server thread/INFO]: Melon Growth Modifier: 100%
[17:54:26] [Server thread/INFO]: Mushroom Growth Modifier: 100%
[17:54:26] [Server thread/INFO]: Pumpkin Growth Modifier: 100%
[17:54:26] [Server thread/INFO]: Sapling Growth Modifier: 100%
[17:54:26] [Server thread/INFO]: Wheat Growth Modifier: 100%
[17:54:26] [Server thread/INFO]: NetherWart Growth Modifier: 100%
[17:54:26] [Server thread/INFO]: Vine Growth Modifier: 100%
[17:54:26] [Server thread/INFO]: Cocoa Growth Modifier: 100%
[17:54:26] [Server thread/INFO]: Mob Spawn Range: 4
[17:54:26] [Server thread/INFO]: Hopper Transfer: 8 Hopper Check: 1 Hopper Amount: 1
[17:54:26] [Server thread/INFO]: Entity Tracking Range: Pl 48 / An 48 / Mo 48 / Mi 32 / Other 64
[17:54:26] [Server thread/INFO]: Entity Activation Range: An 32 / Mo 32 / Mi 16
[17:54:26] [Server thread/INFO]: Max TNT Explosions: 100
[17:54:26] [Server thread/INFO]: Custom Map Seeds:  Village: 10387312 Feature: 14357617 Monument: 10387313 Slime: 987234911
[17:54:26] [Server thread/INFO]: Structure Info Saving: true
[17:54:26] [Server thread/INFO]: Random Lighting Updates: false
[17:54:26] [Server thread/INFO]: Tile Max Tick Time: 50ms Entity max Tick Time: 50ms
[17:54:26] [Server thread/INFO]: Experience Merge Radius: 3.0
[17:54:26] [Server thread/INFO]: Preparing start region for level 0 (Seed: -1289250000492566241)
[17:54:27] [Server thread/INFO]: Preparing spawn area: 52%
[17:54:27] [Server thread/INFO]: Preparing start region for level 1 (Seed: -1289250000492566241)
[17:54:28] [Server thread/INFO]: Preparing start region for level 2 (Seed: -1289250000492566241)
[17:54:28] [Server thread/INFO]: [Hive_Of_Thoughts_MC] Enabling Hive_Of_Thoughts_MC v1.0.0
[17:54:28] [Server thread/INFO]: [Hive_Of_Thoughts_MC] Hive Of Thoughts starting up for Server of Type: DEFAULT
[17:54:28] [Server thread/WARN]: java.lang.ClassNotFoundException: org.mariadb.jdbc.Driver
[17:54:28] [Server thread/WARN]: 	at java.base/java.net.URLClassLoader.findClass(Unknown Source)
[17:54:28] [Server thread/WARN]: 	at org.bukkit.plugin.java.PluginClassLoader.findClass(PluginClassLoader.java:152)
[17:54:28] [Server thread/WARN]: 	at org.bukkit.plugin.java.PluginClassLoader.findClass(PluginClassLoader.java:100)
[17:54:28] [Server thread/WARN]: 	at java.base/java.lang.ClassLoader.loadClass(Unknown Source)
[17:54:28] [Server thread/WARN]: 	at java.base/java.lang.ClassLoader.loadClass(Unknown Source)
[17:54:28] [Server thread/WARN]: 	at java.base/java.lang.Class.forName0(Native Method)
[17:54:28] [Server thread/WARN]: 	at java.base/java.lang.Class.forName(Unknown Source)
[17:54:28] [Server thread/WARN]: 	at com.hiveofthoughts.mc.config.Database.<init>(Database.java:36)
[17:54:28] [Server thread/WARN]: 	at com.hiveofthoughts.mc.config.Database.getInstance(Database.java:30)
[17:54:28] [Server thread/WARN]: 	at com.hiveofthoughts.mc.Main.onEnable(Main.java:37)
[17:54:28] [Server thread/WARN]: 	at org.bukkit.plugin.java.JavaPlugin.setEnabled(JavaPlugin.java:264)
[17:54:28] [Server thread/WARN]: 	at org.bukkit.plugin.java.JavaPluginLoader.enablePlugin(JavaPluginLoader.java:337)
[17:54:28] [Server thread/WARN]: 	at org.bukkit.plugin.SimplePluginManager.enablePlugin(SimplePluginManager.java:403)
[17:54:28] [Server thread/WARN]: 	at org.bukkit.craftbukkit.v1_12_R1.CraftServer.enablePlugin(CraftServer.java:381)
[17:54:28] [Server thread/WARN]: 	at org.bukkit.craftbukkit.v1_12_R1.CraftServer.enablePlugins(CraftServer.java:330)
[17:54:28] [Server thread/WARN]: 	at net.minecraft.server.v1_12_R1.MinecraftServer.t(MinecraftServer.java:422)
[17:54:28] [Server thread/WARN]: 	at net.minecraft.server.v1_12_R1.MinecraftServer.l(MinecraftServer.java:383)
[17:54:28] [Server thread/WARN]: 	at net.minecraft.server.v1_12_R1.MinecraftServer.a(MinecraftServer.java:338)
[17:54:28] [Server thread/WARN]: 	at net.minecraft.server.v1_12_R1.DedicatedServer.init(DedicatedServer.java:272)
[17:54:28] [Server thread/WARN]: 	at net.minecraft.server.v1_12_R1.MinecraftServer.run(MinecraftServer.java:545)
[17:54:28] [Server thread/WARN]: 	at java.base/java.lang.Thread.run(Unknown Source)
[17:54:28] [Server thread/INFO]: Server permissions file permissions.yml is empty, ignoring it
[17:54:28] [Server thread/INFO]: Done (3.088s)! For help, type "help" or "?"
