[17:12:59] [Server thread/INFO]: Starting minecraft server version 1.12.2
[17:12:59] [Server thread/INFO]: Loading properties
[17:12:59] [Server thread/INFO]: Default game type: SURVIVAL
[17:12:59] [Server thread/INFO]: This server is running CraftBukkit version git-Spigot-c3093ef-7e94e65 (MC: 1.12.2) (Implementing API version 1.12.2-R0.1-SNAPSHOT)
[17:12:59] [Server thread/INFO]: Debug logging is disabled
[17:12:59] [Server thread/INFO]: Using 4 threads for Netty based IO
[17:12:59] [Server thread/INFO]: Server Ping Player Sample Count: 12
[17:12:59] [Server thread/INFO]: Generating keypair
[17:13:00] [Server thread/INFO]: Starting Minecraft server on *:25565
[17:13:00] [Server thread/INFO]: Using default channel type
[17:13:00] [Server thread/WARN]: Error setting PluginClassLoader as parallel capable
java.lang.reflect.InaccessibleObjectException: Unable to make protected static boolean java.lang.ClassLoader.registerAsParallelCapable() accessible: module java.base does not "opens java.lang" to unnamed module @2c8ff67
	at jdk.internal.reflect.Reflection.throwInaccessibleObjectException(Unknown Source) ~[?:?]
	at java.lang.reflect.AccessibleObject.checkCanSetAccessible(Unknown Source) ~[?:?]
	at java.lang.reflect.Method.checkCanSetAccessible(Unknown Source) ~[?:?]
	at java.lang.reflect.Method.setAccessible(Unknown Source) ~[?:?]
	at org.bukkit.plugin.java.PluginClassLoader.<clinit>(PluginClassLoader.java:48) [spigot-1.12.2.jar:git-Spigot-c3093ef-7e94e65]
	at org.bukkit.plugin.java.JavaPluginLoader.loadPlugin(JavaPluginLoader.java:129) [spigot-1.12.2.jar:git-Spigot-c3093ef-7e94e65]
	at org.bukkit.plugin.SimplePluginManager.loadPlugin(SimplePluginManager.java:327) [spigot-1.12.2.jar:git-Spigot-c3093ef-7e94e65]
	at org.bukkit.plugin.SimplePluginManager.loadPlugins(SimplePluginManager.java:248) [spigot-1.12.2.jar:git-Spigot-c3093ef-7e94e65]
	at org.bukkit.craftbukkit.v1_12_R1.CraftServer.loadPlugins(CraftServer.java:305) [spigot-1.12.2.jar:git-Spigot-c3093ef-7e94e65]
	at net.minecraft.server.v1_12_R1.DedicatedServer.init(DedicatedServer.java:205) [spigot-1.12.2.jar:git-Spigot-c3093ef-7e94e65]
	at net.minecraft.server.v1_12_R1.MinecraftServer.run(MinecraftServer.java:545) [spigot-1.12.2.jar:git-Spigot-c3093ef-7e94e65]
	at java.lang.Thread.run(Unknown Source) [?:?]
[17:13:00] [Server thread/INFO]: [Hive_Of_Thoughts_MC] Loading Hive_Of_Thoughts_MC v1.0.0
[17:13:00] [Server thread/WARN]: **** SERVER IS RUNNING IN OFFLINE/INSECURE MODE!
[17:13:00] [Server thread/WARN]: The server will make no attempt to authenticate usernames. Beware.
[17:13:00] [Server thread/WARN]: While this makes the game possible to play without internet access, it also opens up the ability for hackers to connect with any username they choose.
[17:13:00] [Server thread/WARN]: To change this, set "online-mode" to "true" in the server.properties file.
[17:13:00] [Server thread/INFO]: **** Beginning UUID conversion, this may take A LONG time ****
[17:13:00] [Server thread/INFO]: Preparing level "world"
[17:13:00] [Server thread/INFO]: -------- World Settings For [world] --------
[17:13:00] [Server thread/INFO]: Arrow Despawn Rate: 1200
[17:13:00] [Server thread/INFO]: Item Merge Radius: 2.5
[17:13:00] [Server thread/INFO]: Item Despawn Rate: 6000
[17:13:00] [Server thread/INFO]: Nerfing mobs spawned from spawners: false
[17:13:00] [Server thread/INFO]: Allow Zombie Pigmen to spawn from portal blocks: true
[17:13:00] [Server thread/INFO]: View Distance: 10
[17:13:00] [Server thread/INFO]: Experience Merge Radius: 3.0
[17:13:00] [Server thread/INFO]: Zombie Aggressive Towards Villager: true
[17:13:00] [Server thread/INFO]: Hopper Transfer: 8 Hopper Check: 1 Hopper Amount: 1
[17:13:00] [Server thread/INFO]: Mob Spawn Range: 4
[17:13:00] [Server thread/INFO]: Entity Activation Range: An 32 / Mo 32 / Mi 16
[17:13:00] [Server thread/INFO]: Cactus Growth Modifier: 100%
[17:13:00] [Server thread/INFO]: Cane Growth Modifier: 100%
[17:13:00] [Server thread/INFO]: Melon Growth Modifier: 100%
[17:13:00] [Server thread/INFO]: Mushroom Growth Modifier: 100%
[17:13:00] [Server thread/INFO]: Pumpkin Growth Modifier: 100%
[17:13:00] [Server thread/INFO]: Sapling Growth Modifier: 100%
[17:13:00] [Server thread/INFO]: Wheat Growth Modifier: 100%
[17:13:00] [Server thread/INFO]: NetherWart Growth Modifier: 100%
[17:13:00] [Server thread/INFO]: Vine Growth Modifier: 100%
[17:13:00] [Server thread/INFO]: Cocoa Growth Modifier: 100%
[17:13:00] [Server thread/INFO]: Entity Tracking Range: Pl 48 / An 48 / Mo 48 / Mi 32 / Other 64
[17:13:00] [Server thread/INFO]: Structure Info Saving: true
[17:13:00] [Server thread/INFO]: Tile Max Tick Time: 50ms Entity max Tick Time: 50ms
[17:13:00] [Server thread/INFO]: Random Lighting Updates: false
[17:13:00] [Server thread/INFO]: Max TNT Explosions: 100
[17:13:00] [Server thread/INFO]: Custom Map Seeds:  Village: 10387312 Feature: 14357617 Monument: 10387313 Slime: 987234911
[17:13:01] [Server thread/INFO]: -------- World Settings For [world_nether] --------
[17:13:01] [Server thread/INFO]: Arrow Despawn Rate: 1200
[17:13:01] [Server thread/INFO]: Item Merge Radius: 2.5
[17:13:01] [Server thread/INFO]: Item Despawn Rate: 6000
[17:13:01] [Server thread/INFO]: Nerfing mobs spawned from spawners: false
[17:13:01] [Server thread/INFO]: Allow Zombie Pigmen to spawn from portal blocks: true
[17:13:01] [Server thread/INFO]: View Distance: 10
[17:13:01] [Server thread/INFO]: Experience Merge Radius: 3.0
[17:13:01] [Server thread/INFO]: Zombie Aggressive Towards Villager: true
[17:13:01] [Server thread/INFO]: Hopper Transfer: 8 Hopper Check: 1 Hopper Amount: 1
[17:13:01] [Server thread/INFO]: Mob Spawn Range: 4
[17:13:01] [Server thread/INFO]: Entity Activation Range: An 32 / Mo 32 / Mi 16
[17:13:01] [Server thread/INFO]: Cactus Growth Modifier: 100%
[17:13:01] [Server thread/INFO]: Cane Growth Modifier: 100%
[17:13:01] [Server thread/INFO]: Melon Growth Modifier: 100%
[17:13:01] [Server thread/INFO]: Mushroom Growth Modifier: 100%
[17:13:01] [Server thread/INFO]: Pumpkin Growth Modifier: 100%
[17:13:01] [Server thread/INFO]: Sapling Growth Modifier: 100%
[17:13:01] [Server thread/INFO]: Wheat Growth Modifier: 100%
[17:13:01] [Server thread/INFO]: NetherWart Growth Modifier: 100%
[17:13:01] [Server thread/INFO]: Vine Growth Modifier: 100%
[17:13:01] [Server thread/INFO]: Cocoa Growth Modifier: 100%
[17:13:01] [Server thread/INFO]: Entity Tracking Range: Pl 48 / An 48 / Mo 48 / Mi 32 / Other 64
[17:13:01] [Server thread/INFO]: Structure Info Saving: true
[17:13:01] [Server thread/INFO]: Tile Max Tick Time: 50ms Entity max Tick Time: 50ms
[17:13:01] [Server thread/INFO]: Random Lighting Updates: false
[17:13:01] [Server thread/INFO]: Max TNT Explosions: 100
[17:13:01] [Server thread/INFO]: Custom Map Seeds:  Village: 10387312 Feature: 14357617 Monument: 10387313 Slime: 987234911
[17:13:01] [Server thread/INFO]: -------- World Settings For [world_the_end] --------
[17:13:01] [Server thread/INFO]: Arrow Despawn Rate: 1200
[17:13:01] [Server thread/INFO]: Item Merge Radius: 2.5
[17:13:01] [Server thread/INFO]: Item Despawn Rate: 6000
[17:13:01] [Server thread/INFO]: Nerfing mobs spawned from spawners: false
[17:13:01] [Server thread/INFO]: Allow Zombie Pigmen to spawn from portal blocks: true
[17:13:01] [Server thread/INFO]: View Distance: 10
[17:13:01] [Server thread/INFO]: Experience Merge Radius: 3.0
[17:13:01] [Server thread/INFO]: Zombie Aggressive Towards Villager: true
[17:13:01] [Server thread/INFO]: Hopper Transfer: 8 Hopper Check: 1 Hopper Amount: 1
[17:13:01] [Server thread/INFO]: Mob Spawn Range: 4
[17:13:01] [Server thread/INFO]: Entity Activation Range: An 32 / Mo 32 / Mi 16
[17:13:01] [Server thread/INFO]: Cactus Growth Modifier: 100%
[17:13:01] [Server thread/INFO]: Cane Growth Modifier: 100%
[17:13:01] [Server thread/INFO]: Melon Growth Modifier: 100%
[17:13:01] [Server thread/INFO]: Mushroom Growth Modifier: 100%
[17:13:01] [Server thread/INFO]: Pumpkin Growth Modifier: 100%
[17:13:01] [Server thread/INFO]: Sapling Growth Modifier: 100%
[17:13:01] [Server thread/INFO]: Wheat Growth Modifier: 100%
[17:13:01] [Server thread/INFO]: NetherWart Growth Modifier: 100%
[17:13:01] [Server thread/INFO]: Vine Growth Modifier: 100%
[17:13:01] [Server thread/INFO]: Cocoa Growth Modifier: 100%
[17:13:01] [Server thread/INFO]: Entity Tracking Range: Pl 48 / An 48 / Mo 48 / Mi 32 / Other 64
[17:13:01] [Server thread/INFO]: Structure Info Saving: true
[17:13:01] [Server thread/INFO]: Tile Max Tick Time: 50ms Entity max Tick Time: 50ms
[17:13:01] [Server thread/INFO]: Random Lighting Updates: false
[17:13:01] [Server thread/INFO]: Max TNT Explosions: 100
[17:13:01] [Server thread/INFO]: Custom Map Seeds:  Village: 10387312 Feature: 14357617 Monument: 10387313 Slime: 987234911
[17:13:01] [Server thread/INFO]: Preparing start region for level 0 (Seed: -1289250000492566241)
[17:13:02] [Server thread/INFO]: Preparing spawn area: 38%
[17:13:02] [Server thread/INFO]: Preparing start region for level 1 (Seed: -1289250000492566241)
[17:13:03] [Server thread/INFO]: Preparing start region for level 2 (Seed: -1289250000492566241)
[17:13:03] [Server thread/INFO]: [Hive_Of_Thoughts_MC] Enabling Hive_Of_Thoughts_MC v1.0.0
[17:13:03] [Server thread/INFO]: [Hive_Of_Thoughts_MC] Hive Of Thoughts starting up for Server of Type: DEFAULT
[17:13:04] [Server thread/INFO]: Cluster created with settings {hosts=[104.168.133.139:27017], mode=SINGLE, requiredClusterType=UNKNOWN, serverSelectionTimeout='30000 ms', maxWaitQueueSize=500}
[17:13:04] [Server thread/INFO]: Cluster description not yet available. Waiting for 30000 ms before timing out
[17:13:04] [cluster-ClusterId{value='5aaf00905856eb4b1021e3c1', description='null'}-104.168.133.139:27017/INFO]: Opened connection [connectionId{localValue:1, serverValue:54}] to 104.168.133.139:27017
[17:13:04] [cluster-ClusterId{value='5aaf00905856eb4b1021e3c1', description='null'}-104.168.133.139:27017/INFO]: Monitor thread successfully connected to server with description ServerDescription{address=104.168.133.139:27017, type=STANDALONE, state=CONNECTED, ok=true, version=ServerVersion{versionList=[3, 6, 3]}, minWireVersion=0, maxWireVersion=6, maxDocumentSize=16777216, logicalSessionTimeoutMinutes=30, roundTripTimeNanos=12829609}
[17:13:04] [Server thread/INFO]: Opened connection [connectionId{localValue:2, serverValue:55}] to 104.168.133.139:27017
[17:13:04] [Server thread/INFO]: default
[17:13:04] [Server thread/INFO]: Server permissions file permissions.yml is empty, ignoring it
[17:13:04] [Server thread/INFO]: Done (4.070s)! For help, type "help" or "?"
[17:13:23] [Server thread/INFO]: Stopping the server
[17:13:23] [Server thread/INFO]: Stopping server
[17:13:23] [Server thread/INFO]: [Hive_Of_Thoughts_MC] Disabling Hive_Of_Thoughts_MC v1.0.0
[17:13:23] [Server thread/INFO]: [Hive_Of_Thoughts_MC] Saving player information
[17:13:24] [Server thread/INFO]: [Hive_Of_Thoughts_MC] Hive Of Thoughts shutting down.
[17:13:24] [Server thread/INFO]: Saving players
[17:13:24] [Server thread/INFO]: Saving worlds
[17:13:24] [Server thread/INFO]: Saving chunks for level 'world'/overworld
[17:13:24] [Server thread/INFO]: Saving chunks for level 'world_nether'/the_nether
[17:13:24] [Server thread/INFO]: Saving chunks for level 'world_the_end'/the_end
